Arguments: 
  C:\Program Files\nodejs\node.exe C:\Users\ANDRES BEDOYA\AppData\Roaming\npm\node_modules\yarn\bin\yarn.js install

PATH: 
  C:\Python39\Scripts\;C:\Python39\;C:\Program Files\AdoptOpenJDK\jdk-16.0.1.9-hotspot\bin;C:\Program Files (x86)\Common Files\Oracle\Java\javapath;C:\Windows\system32;C:\Windows;C:\Windows\System32\Wbem;C:\Windows\System32\WindowsPowerShell\v1.0\;C:\Windows\System32\OpenSSH\;C:\Program Files\PuTTY\;C:\ProgramData\chocolatey\bin;C:\Program Files\nodejs\;C:\Program Files\Git\cmd;C:\Users\ANDRES BEDOYA\AppData\Local\Microsoft\WindowsApps;C:\Users\ANDRES BEDOYA\AppData\Local\Programs\Microsoft VS Code\bin;C:\Users\ANDRES BEDOYA\AppData\Roaming\npm;C:\Program Files\heroku\bin

Yarn version: 
  1.22.17

Node version: 
  14.17.6

Platform: 
  win32 x64

Trace: 
  SyntaxError: C:\Users\ANDRES BEDOYA\Documents\007MinTic2022 ciclo 4\Proyectos\sistema-proyectos\sistema-proyectos\package.json: Unexpected end of JSON input
      at JSON.parse (<anonymous>)
      at C:\Users\ANDRES BEDOYA\AppData\Roaming\npm\node_modules\yarn\lib\cli.js:1625:59
      at Generator.next (<anonymous>)
      at step (C:\Users\ANDRES BEDOYA\AppData\Roaming\npm\node_modules\yarn\lib\cli.js:310:30)
      at C:\Users\ANDRES BEDOYA\AppData\Roaming\npm\node_modules\yarn\lib\cli.js:321:13

npm manifest: 
  

yarn manifest: 
  No manifest

Lockfile: 
  # THIS IS AN AUTOGENERATED FILE. DO NOT EDIT THIS FILE DIRECTLY.
  # yarn lockfile v1
